2022-11-17 08:57:18,892 INFO org.springframework.boot.StartupInfoLogger [restartedMain] Starting RmsApplication using Java 18.0.1.1 on landisPC with PID 14592 (C:\Users\Landis\eclipse-space3\rms.zip_expanded\rms\target\classes started by Landis in C:\Users\Landis\eclipse-space3\rms.zip_expanded\rms)
2022-11-17 08:57:18,896 INFO org.springframework.boot.SpringApplication [restartedMain] No active profile set, falling back to 1 default profile: "default"
2022-11-17 08:57:25,978 INFO org.springframework.boot.StartupInfoLogger [restartedMain] Started RmsApplication in 7.627 seconds (JVM running for 8.175)
2022-11-17 09:06:48,432 INFO com.reimburse.rms.aop.LoggingAspect [http-nio-7474-exec-3] Entering UserController.com.reimburse.rms.controller.UserController
2022-11-17 09:06:48,445 INFO com.reimburse.rms.aop.LoggingAspect [http-nio-7474-exec-3] Entering UserServiceImpl.com.reimburse.rms.service.UserServiceImpl
2022-11-17 09:06:48,450 INFO com.reimburse.rms.aop.LoggingAspect [http-nio-7474-exec-3] Entering UserDao.com.reimburse.rms.dao.UserDao
2022-11-17 09:06:48,659 INFO com.reimburse.rms.aop.LoggingAspect [http-nio-7474-exec-3] Exiting UserDao.com.reimburse.rms.dao.UserDao
2022-11-17 09:06:48,660 INFO com.reimburse.rms.aop.LoggingAspect [http-nio-7474-exec-3] Exiting UserServiceImpl.com.reimburse.rms.service.UserServiceImpl
2022-11-17 09:06:48,660 INFO com.reimburse.rms.aop.LoggingAspect [http-nio-7474-exec-3] Exiting UserController.com.reimburse.rms.controller.UserController
2022-11-17 09:06:48,729 INFO com.reimburse.rms.aop.LoggingAspect [http-nio-7474-exec-4] Entering RequestController.com.reimburse.rms.controller.RequestController
2022-11-17 09:06:48,735 INFO com.reimburse.rms.aop.LoggingAspect [http-nio-7474-exec-4] Entering RequestServiceImpl.com.reimburse.rms.service.RequestServiceImpl
2022-11-17 09:06:48,740 INFO com.reimburse.rms.aop.LoggingAspect [http-nio-7474-exec-4] Entering RequestDao.com.reimburse.rms.dao.RequestDao
2022-11-17 09:06:48,752 INFO com.reimburse.rms.aop.LoggingAspect [http-nio-7474-exec-4] Exiting RequestDao.com.reimburse.rms.dao.RequestDao
2022-11-17 09:06:48,753 INFO com.reimburse.rms.aop.LoggingAspect [http-nio-7474-exec-4] Exiting RequestServiceImpl.com.reimburse.rms.service.RequestServiceImpl
2022-11-17 09:06:48,753 INFO com.reimburse.rms.aop.LoggingAspect [http-nio-7474-exec-4] Exiting RequestController.com.reimburse.rms.controller.RequestController
2022-11-17 09:17:32,747 INFO com.reimburse.rms.aop.LoggingAspect [http-nio-7474-exec-8] Entering UserController.com.reimburse.rms.controller.UserController
2022-11-17 09:17:32,748 INFO com.reimburse.rms.aop.LoggingAspect [http-nio-7474-exec-8] Entering UserServiceImpl.com.reimburse.rms.service.UserServiceImpl
2022-11-17 09:17:32,748 INFO com.reimburse.rms.aop.LoggingAspect [http-nio-7474-exec-8] Entering UserDao.com.reimburse.rms.dao.UserDao
2022-11-17 09:17:32,751 INFO com.reimburse.rms.aop.LoggingAspect [http-nio-7474-exec-8] Exiting UserDao.com.reimburse.rms.dao.UserDao
2022-11-17 09:17:32,751 INFO com.reimburse.rms.aop.LoggingAspect [http-nio-7474-exec-8] Exiting UserServiceImpl.com.reimburse.rms.service.UserServiceImpl
2022-11-17 09:17:32,751 INFO com.reimburse.rms.aop.LoggingAspect [http-nio-7474-exec-8] Exiting UserController.com.reimburse.rms.controller.UserController
2022-11-17 09:17:32,768 INFO com.reimburse.rms.aop.LoggingAspect [http-nio-7474-exec-2] Entering RequestController.com.reimburse.rms.controller.RequestController
2022-11-17 09:17:32,768 INFO com.reimburse.rms.aop.LoggingAspect [http-nio-7474-exec-2] Entering RequestServiceImpl.com.reimburse.rms.service.RequestServiceImpl
2022-11-17 09:17:32,769 INFO com.reimburse.rms.aop.LoggingAspect [http-nio-7474-exec-2] Entering RequestDao.com.reimburse.rms.dao.RequestDao
