2022-11-08 15:43:14,166 INFO org.springframework.boot.StartupInfoLogger [restartedMain] Starting RmsApplication using Java 18.0.1.1 on landisPC with PID 15292 (C:\Users\Landis\eclipse-space3\rms.zip_expanded\rms\target\classes started by Landis in C:\Users\Landis\eclipse-space3\rms.zip_expanded\rms)
2022-11-08 15:43:14,171 INFO org.springframework.boot.SpringApplication [restartedMain] No active profile set, falling back to 1 default profile: "default"
2022-11-08 15:43:21,681 INFO org.springframework.boot.StartupInfoLogger [restartedMain] Started RmsApplication in 8.821 seconds (JVM running for 9.471)
2022-11-08 15:58:08,852 INFO org.springframework.boot.StartupInfoLogger [restartedMain] Starting RmsApplication using Java 18.0.1.1 on landisPC with PID 15292 (C:\Users\Landis\eclipse-space3\rms.zip_expanded\rms\target\classes started by Landis in C:\Users\Landis\eclipse-space3\rms.zip_expanded\rms)
2022-11-08 15:58:08,853 INFO org.springframework.boot.SpringApplication [restartedMain] No active profile set, falling back to 1 default profile: "default"
2022-11-08 15:58:09,746 INFO org.springframework.boot.StartupInfoLogger [restartedMain] Started RmsApplication in 0.914 seconds (JVM running for 897.536)
2022-11-08 15:58:27,931 INFO org.springframework.boot.StartupInfoLogger [restartedMain] Starting RmsApplication using Java 18.0.1.1 on landisPC with PID 25480 (C:\Users\Landis\eclipse-space3\rms.zip_expanded\rms\target\classes started by Landis in C:\Users\Landis\eclipse-space3\rms.zip_expanded\rms)
2022-11-08 15:58:27,932 INFO org.springframework.boot.SpringApplication [restartedMain] No active profile set, falling back to 1 default profile: "default"
2022-11-08 15:58:31,066 INFO org.springframework.boot.StartupInfoLogger [restartedMain] Started RmsApplication in 3.41 seconds (JVM running for 3.697)
2022-11-08 15:59:16,580 INFO com.reimburse.rms.aop.LoggingAspect [http-nio-7474-exec-1] Entering UserController.com.reimburse.rms.controller.UserController
2022-11-08 15:59:16,591 INFO com.reimburse.rms.aop.LoggingAspect [http-nio-7474-exec-1] Entering UserServiceImpl.com.reimburse.rms.service.UserServiceImpl
2022-11-08 15:59:16,597 INFO com.reimburse.rms.aop.LoggingAspect [http-nio-7474-exec-1] Entering UserDao.com.reimburse.rms.dao.UserDao
2022-11-08 15:59:16,739 INFO com.reimburse.rms.aop.LoggingAspect [http-nio-7474-exec-1] Exiting UserDao.com.reimburse.rms.dao.UserDao
2022-11-08 15:59:16,740 INFO com.reimburse.rms.aop.LoggingAspect [http-nio-7474-exec-1] Exiting UserServiceImpl.com.reimburse.rms.service.UserServiceImpl
2022-11-08 15:59:16,740 INFO com.reimburse.rms.aop.LoggingAspect [http-nio-7474-exec-1] Exiting UserController.com.reimburse.rms.controller.UserController
2022-11-08 16:00:41,572 INFO org.springframework.boot.StartupInfoLogger [restartedMain] Starting RmsApplication using Java 18.0.1.1 on landisPC with PID 25480 (C:\Users\Landis\eclipse-space3\rms.zip_expanded\rms\target\classes started by Landis in C:\Users\Landis\eclipse-space3\rms.zip_expanded\rms)
2022-11-08 16:00:41,573 INFO org.springframework.boot.SpringApplication [restartedMain] No active profile set, falling back to 1 default profile: "default"
2022-11-08 16:00:56,015 INFO org.springframework.boot.StartupInfoLogger [restartedMain] Starting RmsApplication using Java 18.0.1.1 on landisPC with PID 17776 (C:\Users\Landis\eclipse-space3\rms.zip_expanded\rms\target\classes started by Landis in C:\Users\Landis\eclipse-space3\rms.zip_expanded\rms)
2022-11-08 16:00:56,016 INFO org.springframework.boot.SpringApplication [restartedMain] No active profile set, falling back to 1 default profile: "default"
2022-11-08 16:01:01,472 INFO org.springframework.boot.StartupInfoLogger [restartedMain] Started RmsApplication in 5.757 seconds (JVM running for 6.055)
2022-11-08 16:01:18,677 INFO com.reimburse.rms.aop.LoggingAspect [http-nio-7474-exec-1] Entering UserController.com.reimburse.rms.controller.UserController
2022-11-08 16:01:18,687 INFO com.reimburse.rms.aop.LoggingAspect [http-nio-7474-exec-1] Entering UserServiceImpl.com.reimburse.rms.service.UserServiceImpl
2022-11-08 16:01:18,690 INFO com.reimburse.rms.aop.LoggingAspect [http-nio-7474-exec-1] Entering UserDao.com.reimburse.rms.dao.UserDao
2022-11-08 16:01:19,815 INFO com.reimburse.rms.aop.LoggingAspect [http-nio-7474-exec-1] Exiting UserDao.com.reimburse.rms.dao.UserDao
2022-11-08 16:01:19,816 INFO com.reimburse.rms.aop.LoggingAspect [http-nio-7474-exec-1] Exiting UserServiceImpl.com.reimburse.rms.service.UserServiceImpl
2022-11-08 16:01:19,816 INFO com.reimburse.rms.aop.LoggingAspect [http-nio-7474-exec-1] Exiting UserController.com.reimburse.rms.controller.UserController
2022-11-08 16:01:55,051 INFO org.springframework.boot.StartupInfoLogger [restartedMain] Starting RmsApplication using Java 18.0.1.1 on landisPC with PID 17776 (C:\Users\Landis\eclipse-space3\rms.zip_expanded\rms\target\classes started by Landis in C:\Users\Landis\eclipse-space3\rms.zip_expanded\rms)
2022-11-08 16:01:55,051 INFO org.springframework.boot.SpringApplication [restartedMain] No active profile set, falling back to 1 default profile: "default"
2022-11-08 16:01:55,864 INFO org.springframework.boot.StartupInfoLogger [restartedMain] Started RmsApplication in 0.84 seconds (JVM running for 60.446)
2022-11-08 16:02:00,948 INFO com.reimburse.rms.aop.LoggingAspect [http-nio-7474-exec-2] Entering UserController.com.reimburse.rms.controller.UserController
2022-11-08 16:02:00,950 INFO com.reimburse.rms.aop.LoggingAspect [http-nio-7474-exec-2] Entering UserServiceImpl.com.reimburse.rms.service.UserServiceImpl
2022-11-08 16:02:00,953 INFO com.reimburse.rms.aop.LoggingAspect [http-nio-7474-exec-2] Entering UserDao.com.reimburse.rms.dao.UserDao
2022-11-08 16:02:00,973 INFO com.reimburse.rms.aop.LoggingAspect [http-nio-7474-exec-2] Exiting UserDao.com.reimburse.rms.dao.UserDao
2022-11-08 16:02:00,973 INFO com.reimburse.rms.aop.LoggingAspect [http-nio-7474-exec-2] Exiting UserServiceImpl.com.reimburse.rms.service.UserServiceImpl
2022-11-08 16:02:00,973 INFO com.reimburse.rms.aop.LoggingAspect [http-nio-7474-exec-2] Exiting UserController.com.reimburse.rms.controller.UserController
2022-11-08 16:09:00,222 INFO com.reimburse.rms.aop.LoggingAspect [http-nio-7474-exec-4] Entering UserController.com.reimburse.rms.controller.UserController
2022-11-08 16:09:00,223 INFO com.reimburse.rms.aop.LoggingAspect [http-nio-7474-exec-4] Entering UserServiceImpl.com.reimburse.rms.service.UserServiceImpl
2022-11-08 16:09:00,223 INFO com.reimburse.rms.aop.LoggingAspect [http-nio-7474-exec-4] Entering UserDao.com.reimburse.rms.dao.UserDao
2022-11-08 16:09:00,226 INFO com.reimburse.rms.aop.LoggingAspect [http-nio-7474-exec-4] Exiting UserDao.com.reimburse.rms.dao.UserDao
2022-11-08 16:09:00,226 INFO com.reimburse.rms.aop.LoggingAspect [http-nio-7474-exec-4] Exiting UserServiceImpl.com.reimburse.rms.service.UserServiceImpl
2022-11-08 16:09:00,226 INFO com.reimburse.rms.aop.LoggingAspect [http-nio-7474-exec-4] Exiting UserController.com.reimburse.rms.controller.UserController
2022-11-08 16:17:53,182 INFO com.reimburse.rms.aop.LoggingAspect [http-nio-7474-exec-6] Entering UserController.com.reimburse.rms.controller.UserController
2022-11-08 16:17:53,183 INFO com.reimburse.rms.aop.LoggingAspect [http-nio-7474-exec-6] Entering UserServiceImpl.com.reimburse.rms.service.UserServiceImpl
2022-11-08 16:17:53,183 INFO com.reimburse.rms.aop.LoggingAspect [http-nio-7474-exec-6] Entering UserDao.com.reimburse.rms.dao.UserDao
2022-11-08 16:17:53,188 INFO com.reimburse.rms.aop.LoggingAspect [http-nio-7474-exec-6] Exiting UserDao.com.reimburse.rms.dao.UserDao
2022-11-08 16:17:53,188 INFO com.reimburse.rms.aop.LoggingAspect [http-nio-7474-exec-6] Exiting UserServiceImpl.com.reimburse.rms.service.UserServiceImpl
2022-11-08 16:17:53,188 INFO com.reimburse.rms.aop.LoggingAspect [http-nio-7474-exec-6] Exiting UserController.com.reimburse.rms.controller.UserController
2022-11-08 16:18:52,815 INFO org.springframework.boot.StartupInfoLogger [restartedMain] Starting RmsApplication using Java 18.0.1.1 on landisPC with PID 14616 (C:\Users\Landis\eclipse-space3\rms.zip_expanded\rms\target\classes started by Landis in C:\Users\Landis\eclipse-space3\rms.zip_expanded\rms)
2022-11-08 16:18:52,816 INFO org.springframework.boot.SpringApplication [restartedMain] No active profile set, falling back to 1 default profile: "default"
2022-11-08 16:18:57,008 INFO org.springframework.boot.StartupInfoLogger [restartedMain] Started RmsApplication in 4.484 seconds (JVM running for 4.8)
2022-11-08 16:19:28,536 INFO com.reimburse.rms.aop.LoggingAspect [http-nio-7474-exec-1] Entering UserController.com.reimburse.rms.controller.UserController
2022-11-08 16:19:28,552 INFO com.reimburse.rms.aop.LoggingAspect [http-nio-7474-exec-1] Entering UserServiceImpl.com.reimburse.rms.service.UserServiceImpl
2022-11-08 16:19:28,560 INFO com.reimburse.rms.aop.LoggingAspect [http-nio-7474-exec-1] Entering UserDao.com.reimburse.rms.dao.UserDao
2022-11-08 16:19:28,700 INFO com.reimburse.rms.aop.LoggingAspect [http-nio-7474-exec-1] Exiting UserDao.com.reimburse.rms.dao.UserDao
2022-11-08 16:19:28,701 INFO com.reimburse.rms.aop.LoggingAspect [http-nio-7474-exec-1] Exiting UserServiceImpl.com.reimburse.rms.service.UserServiceImpl
2022-11-08 16:19:28,701 INFO com.reimburse.rms.aop.LoggingAspect [http-nio-7474-exec-1] Exiting UserController.com.reimburse.rms.controller.UserController
2022-11-08 16:20:22,458 INFO com.reimburse.rms.aop.LoggingAspect [http-nio-7474-exec-6] Entering UserController.com.reimburse.rms.controller.UserController
2022-11-08 16:20:22,459 INFO com.reimburse.rms.aop.LoggingAspect [http-nio-7474-exec-6] Entering UserServiceImpl.com.reimburse.rms.service.UserServiceImpl
2022-11-08 16:20:22,459 INFO com.reimburse.rms.aop.LoggingAspect [http-nio-7474-exec-6] Entering UserDao.com.reimburse.rms.dao.UserDao
2022-11-08 16:20:22,462 INFO com.reimburse.rms.aop.LoggingAspect [http-nio-7474-exec-6] Exiting UserDao.com.reimburse.rms.dao.UserDao
2022-11-08 16:20:22,462 INFO com.reimburse.rms.aop.LoggingAspect [http-nio-7474-exec-6] Exiting UserServiceImpl.com.reimburse.rms.service.UserServiceImpl
2022-11-08 16:20:22,462 INFO com.reimburse.rms.aop.LoggingAspect [http-nio-7474-exec-6] Exiting UserController.com.reimburse.rms.controller.UserController
2022-11-08 16:20:22,489 INFO com.reimburse.rms.aop.LoggingAspect [http-nio-7474-exec-7] Entering RequestController.com.reimburse.rms.controller.RequestController
2022-11-08 16:20:22,494 INFO com.reimburse.rms.aop.LoggingAspect [http-nio-7474-exec-7] Entering RequestServiceImpl.com.reimburse.rms.service.RequestServiceImpl
2022-11-08 16:20:22,499 INFO com.reimburse.rms.aop.LoggingAspect [http-nio-7474-exec-7] Entering RequestDao.com.reimburse.rms.dao.RequestDao
2022-11-08 16:20:22,511 INFO com.reimburse.rms.aop.LoggingAspect [http-nio-7474-exec-7] Exiting RequestDao.com.reimburse.rms.dao.RequestDao
2022-11-08 16:20:22,512 INFO com.reimburse.rms.aop.LoggingAspect [http-nio-7474-exec-7] Exiting RequestServiceImpl.com.reimburse.rms.service.RequestServiceImpl
2022-11-08 16:20:22,512 INFO com.reimburse.rms.aop.LoggingAspect [http-nio-7474-exec-7] Exiting RequestController.com.reimburse.rms.controller.RequestController
2022-11-08 16:20:50,285 INFO com.reimburse.rms.aop.LoggingAspect [http-nio-7474-exec-9] Entering RequestController.com.reimburse.rms.controller.RequestController
2022-11-08 16:20:50,285 INFO com.reimburse.rms.aop.LoggingAspect [http-nio-7474-exec-9] Entering RequestServiceImpl.com.reimburse.rms.service.RequestServiceImpl
2022-11-08 16:20:50,293 INFO com.reimburse.rms.aop.LoggingAspect [http-nio-7474-exec-9] Entering JpaRepository.org.springframework.data.jpa.repository.JpaRepository
2022-11-08 16:20:50,379 INFO com.reimburse.rms.aop.LoggingAspect [http-nio-7474-exec-9] Exiting JpaRepository.org.springframework.data.jpa.repository.JpaRepository
2022-11-08 16:20:50,380 INFO com.reimburse.rms.aop.LoggingAspect [http-nio-7474-exec-9] Exiting RequestServiceImpl.com.reimburse.rms.service.RequestServiceImpl
2022-11-08 16:20:50,380 INFO com.reimburse.rms.aop.LoggingAspect [http-nio-7474-exec-9] Exiting RequestController.com.reimburse.rms.controller.RequestController
2022-11-08 16:20:50,393 INFO com.reimburse.rms.aop.LoggingAspect [http-nio-7474-exec-10] Entering RequestController.com.reimburse.rms.controller.RequestController
2022-11-08 16:20:50,393 INFO com.reimburse.rms.aop.LoggingAspect [http-nio-7474-exec-10] Entering RequestServiceImpl.com.reimburse.rms.service.RequestServiceImpl
2022-11-08 16:20:50,394 INFO com.reimburse.rms.aop.LoggingAspect [http-nio-7474-exec-10] Entering RequestDao.com.reimburse.rms.dao.RequestDao
2022-11-08 16:20:50,397 INFO com.reimburse.rms.aop.LoggingAspect [http-nio-7474-exec-10] Exiting RequestDao.com.reimburse.rms.dao.RequestDao
2022-11-08 16:20:50,397 INFO com.reimburse.rms.aop.LoggingAspect [http-nio-7474-exec-10] Exiting RequestServiceImpl.com.reimburse.rms.service.RequestServiceImpl
2022-11-08 16:20:50,397 INFO com.reimburse.rms.aop.LoggingAspect [http-nio-7474-exec-10] Exiting RequestController.com.reimburse.rms.controller.RequestController
